<?xml version="1.0" encoding="UTF-8"?>
<!-- Generated by org.testng.reporters.JUnitReportReporter -->
<testsuite hostname="YASH-SHIRKE" failures="0" tests="1" name="com.ShopperStack.TestScripts.verify_User_Is_Able_To_Add_Address" time="25.991" errors="0" timestamp="2024-05-04T19:44:35 IST" skipped="0">
  <testcase classname="com.ShopperStack.TestScripts.verify_User_Is_Able_To_Add_Address" name="addAddress" time="25.991"/>
</testsuite> <!-- com.ShopperStack.TestScripts.verify_User_Is_Able_To_Add_Address -->
