<?xml version="1.0" encoding="UTF-8"?>
<!-- Generated by org.testng.reporters.JUnitReportReporter -->
<testsuite hostname="YASH-SHIRKE" failures="0" tests="1" name="com.ShopperStack.TestScripts.verify_User_Is_Able_To_Delete_Address" time="31.497" errors="0" timestamp="2024-05-04T22:01:13 IST" skipped="0">
  <testcase classname="com.ShopperStack.TestScripts.verify_User_Is_Able_To_Delete_Address" name="deleteAddress" time="31.497"/>
</testsuite> <!-- com.ShopperStack.TestScripts.verify_User_Is_Able_To_Delete_Address -->
